<?xml version="1.0" encoding="UTF-8"?>
<testsuite xmlns:xsi="http://www.w3.org/2001/XMLSchema-instance" xsi:noNamespaceSchemaLocation="https://maven.apache.org/surefire/maven-surefire-plugin/xsd/surefire-test-report.xsd" version="3.0.2" name="com.hospitalclaims.service.ViewSearchServiceTest" time="0.004" tests="9" errors="0" skipped="0" failures="0">
  <properties>
[...]
</properties>
  <testcase name="filtersPatientsWithWildcardAndFlags" classname="com.hospitalclaims.service.ViewSearchServiceTest" time="0.0"/>
  <testcase name="composesSearchAcrossDatasetsForPatientId" classname="com.hospitalclaims.service.ViewSearchServiceTest" time="0.001"/>
  <testcase name="rejectsInvalidRegex" classname="com.hospitalclaims.service.ViewSearchServiceTest" time="0.0"/>
  <testcase name="paginatesFlatResults" classname="com.hospitalclaims.service.ViewSearchServiceTest" time="0.001"/>
  <testcase name="exposesClaimReviewAsSeparateDataset" classname="com.hospitalclaims.service.ViewSearchServiceTest" time="0.0"/>
  <testcase name="supportsRegexSearchAgainstDoctorEmail" classname="com.hospitalclaims.service.ViewSearchServiceTest" time="0.0"/>
  <testcase name="exposesVisitsDatasetWithDiagnosisFlag" classname="com.hospitalclaims.service.ViewSearchServiceTest" time="0.0"/>
  <testcase name="groupsClaimsAndSortsWithinEachGroup" classname="com.hospitalclaims.service.ViewSearchServiceTest" time="0.0"/>
  <testcase name="rejectsComposedSearchOnNonComposableColumn" classname="com.hospitalclaims.service.ViewSearchServiceTest" time="0.001"/>
</testsuite>